0.000227 0.000202 0.000197 0.000201 0.000192 
0.000207 0.000205 0.000206 0.000205 0.000215 
0.000393 0.000362 0.000389 0.000362 0.000375 
0.001873 0.001871 0.001884 0.001779 0.001793 
0.016537 0.019394 0.016865 0.016507 0.016717 

0.001911 0.001876 0.001906 0.001915 0.001895 
0.002778 0.001977 0.001904 0.001926 0.001895 
0.002228 0.002131 0.002073 0.002162 0.002078 
0.003911 0.003803 0.003876 0.005893 0.006855 
0.021328 0.021713 0.02126 0.023917 0.022277 

0.018801 0.019319 0.019615 0.019298 0.019363 
0.022263 0.021472 0.023411 0.022061 0.019894 
0.020314 0.020002 0.028099 0.027267 0.02219 
0.031705 0.029086 0.026355 0.030539 0.022711 
0.044248 0.045645 0.046598 0.049673 0.047758 

0.211547 0.212873 0.204766 0.204206 0.200997 
0.209745 0.211645 0.214008 0.208582 0.208109 
0.214767 0.218824 0.223338 0.216388 0.214764 
0.235653 0.233601 0.228308 0.232827 0.235642 
0.287283 0.28538 0.291784 0.283703 0.281623 

2.103202 2.106042 2.140371 2.135775 2.106537 
2.23471 2.17971 2.290704 2.226994 2.200936 
2.333976 2.336962 2.561739 2.662442 2.286264 
2.349523 2.414495 2.391843 2.392417 2.502331 
2.74022 2.776017 2.755567 2.770287 2.716774 

