0.000217 0.000192 0.00033 0.000194 0.000191 
0.000206 0.000207 0.000206 0.000206 0.000212 
0.00036 0.000353 0.000354 0.000349 0.00035 
0.001914 0.001797 0.001798 0.001772 0.001762 
0.016742 0.016653 0.016173 0.016421 0.016564 

0.001796 0.001918 0.001775 0.001757 0.001784 
0.001786 0.001873 0.001814 0.001804 0.001783 
0.00207 0.002012 0.00203 0.002017 0.00208 
0.003751 0.00365 0.003817 0.00366 0.003665 
0.021716 0.021421 0.021007 0.021538 0.021105 

0.018261 0.017956 0.017956 0.017995 0.037313 
0.017982 0.018693 0.017911 0.018168 0.017967 
0.018851 0.018706 0.018701 0.018588 0.018874 
0.020915 0.020738 0.02074 0.020967 0.020767 
0.041422 0.040909 0.040976 0.040864 0.041341 

0.184822 0.184171 0.184607 0.185849 0.185125 
0.183769 0.182893 0.185097 0.184071 0.183135 
0.186946 0.18861 0.188398 0.187488 0.187707 
0.192075 0.191572 0.192833 0.1922 0.191974 
0.215488 0.214481 0.217543 0.215732 0.214956 

1.860238 1.836234 1.847199 1.834562 1.844268 
1.859356 1.84919 1.846526 1.843282 1.861086 
1.883323 1.890489 1.882761 1.890433 1.883376 
1.899737 1.905941 1.912725 1.890363 1.894994 
1.930487 1.927198 1.929805 1.935665 1.934094 

