0.000208 0.000196 0.000185 0.000185 0.000189 
0.000198 0.0002 0.0002 0.000201 0.000204 
0.000351 0.000347 0.000346 0.000347 0.00035 
0.001855 0.001865 0.001803 0.001794 0.00175 
0.016585 0.016697 0.016261 0.017094 0.016667 

0.001782 0.001735 0.001737 0.001728 0.001754 
0.001766 0.001755 0.001819 0.001756 0.001826 
0.001993 0.002042 0.001987 0.00199 0.002027 
0.003753 0.003681 0.003747 0.003649 0.003668 
0.025857 0.021256 0.020923 0.021633 0.021874 

0.017895 0.017475 0.017896 0.01809 0.017401 
0.018484 0.0181 0.018513 0.01789 0.018062 
0.018926 0.018874 0.019013 0.018666 0.01828 
0.027234 0.031996 0.028252 0.022287 0.024053 
0.046647 0.040525 0.040281 0.040806 0.040774 

0.179959 0.180084 0.179499 0.178954 0.180979 
0.179024 0.178517 0.18135 0.178187 0.17855 
0.182319 0.183183 0.183098 0.182471 0.19093 
0.187326 0.188188 0.187969 0.186751 0.188488 
0.211188 0.209265 0.210173 0.209119 0.211387 

1.791155 1.797867 1.804404 1.791669 1.802473 
1.804237 1.790269 1.794707 1.793512 1.796268 
1.845985 1.839192 1.836526 1.827116 2.189723 
2.044669 2.039563 1.850925 1.837727 1.850072 
1.88225 1.869882 1.884301 2.102313 1.902087 

